
2025-10-23 22:51:43,154 - INFO - Market BUY order placed: Symbol=BTCUSDT, Qty=0.01, OrderID=6776363399
2025-10-23 22:59:56,538 - INFO - Limit BUY order placed: Symbol=BTCUSDT, Qty=0.01, Price=60000.0, OrderID=6777343330
2025-10-23 23:01:56,280 - INFO - TWAP part 1/5: BUY 0.02 BTCUSDT - OrderID=6777585967
2025-10-23 23:02:06,780 - INFO - TWAP part 2/5: BUY 0.02 BTCUSDT - OrderID=6777606649
2025-10-23 23:02:17,268 - INFO - TWAP part 3/5: BUY 0.02 BTCUSDT - OrderID=6777629248
2025-10-23 23:02:27,753 - INFO - TWAP part 4/5: BUY 0.02 BTCUSDT - OrderID=6777650274
2025-10-23 23:02:37,942 - INFO - TWAP part 5/5: BUY 0.02 BTCUSDT - OrderID=6777666963
2025-10-23 23:02:59,368 - INFO - Grid BUY order at 58000.0: 6777715625
2025-10-24 00:28:01,472 - INFO - Market BUY order placed: Symbol=BTCUSDT, Qty=0.01, OrderID=6788001007
2025-10-24 00:28:47,373 - INFO - Limit BUY order placed: Symbol=BTCUSDT, Qty=0.01, Price=60000.0, OrderID=6788087782
2025-10-24 00:31:42,050 - INFO - OCO orders placed: TP=106500.0, SL=102500.0
2025-10-24 00:31:51,139 - INFO - OCO orders placed: TP=106500.0, SL=102500.0
2025-10-24 00:33:35,233 - INFO - Stop-Limit order placed: Symbol=BTCUSDT, Stop=104000.0, Limit=103900.0
2025-10-24 00:33:42,904 - INFO - Stop-Limit order placed: Symbol=BTCUSDT, Stop=104000.0, Limit=103900.0
2025-10-24 00:34:56,883 - INFO - TWAP part 1/5: BUY 0.02 BTCUSDT - OrderID=6788833233
2025-10-24 00:35:07,075 - INFO - TWAP part 2/5: BUY 0.02 BTCUSDT - OrderID=6788856991
2025-10-24 00:35:17,275 - INFO - TWAP part 3/5: BUY 0.02 BTCUSDT - OrderID=6788874429
2025-10-24 00:35:27,838 - INFO - TWAP part 4/5: BUY 0.02 BTCUSDT - OrderID=6788892326
2025-10-24 00:35:38,031 - INFO - TWAP part 5/5: BUY 0.02 BTCUSDT - OrderID=6788911594
2025-10-24 00:37:26,111 - INFO - Grid BUY order at 58000.0: 6789130478
